2026-02-23T06:34:09.843Z [BACKEND] [94m[INFO][0m Settings loaded from configs\jarvis.yaml.
2026-02-23T06:34:10.128Z [BACKEND] [94m[INFO][0m Agent kernel started.
2026-02-23T06:34:10.130Z [BACKEND] [94m[INFO][0m Desktop backend service started.
2026-02-23T06:34:10.151Z [BACKEND] [94m[INFO][0m Desktop API listening on http://127.0.0.1:8765
2026-02-23T06:34:10.258Z [BACKEND] [94m[INFO][0m "GET /health HTTP/1.1" 200 -
2026-02-23T06:34:10.826Z [FRONTEND] > nextn@0.1.0 dev
> next dev --turbopack --hostname 127.0.0.1 --port 3210
2026-02-23T06:34:13.601Z [FRONTEND] ▲ Next.js 15.5.12 (Turbopack)
2026-02-23T06:34:13.602Z [FRONTEND] - Local:        http://127.0.0.1:3210
   - Network:      http://127.0.0.1:3210

 ✓ Starting...
2026-02-23T06:34:15.065Z [FRONTEND] ✓ Ready in 2.2s
2026-02-23T06:34:15.588Z [FRONTEND] ○ Compiling / ...
2026-02-23T06:34:23.640Z [FRONTEND] ✓ Compiled / in 8.6s
2026-02-23T06:34:24.571Z [FRONTEND] GET / 200 in 9332ms
2026-02-23T06:34:25.073Z [FRONTEND] GET / 200 in 463ms
2026-02-23T06:34:31.190Z [BACKEND] [94m[INFO][0m "POST /analysis HTTP/1.1" 200 -
2026-02-23T06:34:33.328Z [BACKEND] [94m[INFO][0m "GET /metrics HTTP/1.1" 200 -
2026-02-23T06:34:38.030Z [BACKEND] [94m[INFO][0m "GET /metrics HTTP/1.1" 200 -
2026-02-23T06:34:40.987Z [BACKEND] [94m[INFO][0m "GET /metrics HTTP/1.1" 200 -
2026-02-23T06:34:42.808Z [BACKEND] [94m[INFO][0m "GET /metrics HTTP/1.1" 200 -
2026-02-23T06:35:31.549Z [BACKEND] [94m[INFO][0m "POST /analysis HTTP/1.1" 200 -
2026-02-23T06:35:38.149Z [BACKEND] [94m[INFO][0m "GET /metrics HTTP/1.1" 200 -
2026-02-23T06:35:47.973Z [BACKEND] [94m[INFO][0m "GET /metrics HTTP/1.1" 200 -
2026-02-23T06:35:51.179Z [BACKEND] [94m[INFO][0m "GET /metrics HTTP/1.1" 200 -
2026-02-23T06:35:53.086Z [BACKEND] [94m[INFO][0m "GET /metrics HTTP/1.1" 200 -
2026-02-23T06:35:55.108Z [BACKEND] [94m[INFO][0m "GET /metrics HTTP/1.1" 200 -
2026-02-23T06:35:57.420Z [BACKEND] [94m[INFO][0m "GET /metrics HTTP/1.1" 200 -
2026-02-23T06:36:00.993Z [BACKEND] [94m[INFO][0m "GET /metrics HTTP/1.1" 200 -
2026-02-23T06:36:02.938Z [BACKEND] [94m[INFO][0m "GET /metrics HTTP/1.1" 200 -
2026-02-23T06:36:04.932Z [BACKEND] [94m[INFO][0m "GET /metrics HTTP/1.1" 200 -
2026-02-23T06:36:06.949Z [BACKEND] [94m[INFO][0m "GET /metrics HTTP/1.1" 200 -
2026-02-23T06:36:09.309Z [BACKEND] [94m[INFO][0m "GET /metrics HTTP/1.1" 200 -
2026-02-23T06:36:12.975Z [BACKEND] [94m[INFO][0m "GET /metrics HTTP/1.1" 200 -
2026-02-23T06:36:31.722Z [BACKEND] [94m[INFO][0m [event=goal.enqueued] {'goal_id': '39700917-53c2-4f67-b310-3000ccd862aa', 'source': 'desktop-ui'}
2026-02-23T06:36:31.724Z [BACKEND] [94m[INFO][0m [event=goal.started] {'goal_id': '39700917-53c2-4f67-b310-3000ccd862aa'}
[94m[INFO][0m [event=step.started] {'plan_id': '12697820-0057-4fb2-9230-acafbc6e7542', 'step_id': '6f3739c3-5476-4d98-8979-14a2ed695dfa', 'action': 'tts_speak'}
2026-02-23T06:36:31.740Z [BACKEND] [94m[INFO][0m [event=step.finished] {'plan_id': '12697820-0057-4fb2-9230-acafbc6e7542', 'step_id': '6f3739c3-5476-4d98-8979-14a2ed695dfa', 'action': 'tts_speak', 'status': 'success', 'error': None}
[94m[INFO][0m [event=goal.completed] {'goal_id': '39700917-53c2-4f67-b310-3000ccd862aa', 'steps': 1}
2026-02-23T06:36:31.741Z [BACKEND] [94m[INFO][0m "POST /chat HTTP/1.1" 200 -
2026-02-23T06:36:39.107Z [BACKEND] [94m[INFO][0m "POST /analysis HTTP/1.1" 200 -
2026-02-23T06:36:40.803Z [BACKEND] [94m[INFO][0m "GET /metrics HTTP/1.1" 200 -
2026-02-23T06:36:43.284Z [BACKEND] [94m[INFO][0m "GET /metrics HTTP/1.1" 200 -
2026-02-23T06:36:46.823Z [BACKEND] [94m[INFO][0m "GET /metrics HTTP/1.1" 200 -
2026-02-23T06:36:48.877Z [BACKEND] [94m[INFO][0m "GET /metrics HTTP/1.1" 200 -
2026-02-23T06:36:50.786Z [BACKEND] [94m[INFO][0m "GET /metrics HTTP/1.1" 200 -
2026-02-23T06:36:52.852Z [BACKEND] [94m[INFO][0m "GET /metrics HTTP/1.1" 200 -
2026-02-23T06:36:54.797Z [BACKEND] [94m[INFO][0m "GET /metrics HTTP/1.1" 200 -
2026-02-23T06:36:56.772Z [BACKEND] [94m[INFO][0m "GET /metrics HTTP/1.1" 200 -
2026-02-23T06:36:59.080Z [BACKEND] [94m[INFO][0m "GET /metrics HTTP/1.1" 200 -
2026-02-23T06:37:01.085Z [BACKEND] [94m[INFO][0m "GET /metrics HTTP/1.1" 200 -
2026-02-23T06:37:03.055Z [BACKEND] [94m[INFO][0m "GET /metrics HTTP/1.1" 200 -
2026-02-23T06:37:04.834Z [BACKEND] [94m[INFO][0m "GET /metrics HTTP/1.1" 200 -
2026-02-23T06:37:06.984Z [BACKEND] [94m[INFO][0m "GET /metrics HTTP/1.1" 200 -
2026-02-23T06:37:08.854Z [BACKEND] [94m[INFO][0m "GET /metrics HTTP/1.1" 200 -
2026-02-23T06:37:10.802Z [BACKEND] [94m[INFO][0m "GET /metrics HTTP/1.1" 200 -
2026-02-23T06:37:39.542Z [BACKEND] [94m[INFO][0m "POST /analysis HTTP/1.1" 200 -
2026-02-23T06:37:41.348Z [BACKEND] [94m[INFO][0m "GET /metrics HTTP/1.1" 200 -
2026-02-23T06:37:44.919Z [BACKEND] [94m[INFO][0m "GET /metrics HTTP/1.1" 200 -
2026-02-23T06:37:48.194Z [BACKEND] [94m[INFO][0m "GET /metrics HTTP/1.1" 200 -
2026-02-23T06:37:50.854Z [BACKEND] [94m[INFO][0m "GET /metrics HTTP/1.1" 200 -
2026-02-23T06:37:52.825Z [BACKEND] [94m[INFO][0m "GET /metrics HTTP/1.1" 200 -
2026-02-23T06:37:54.959Z [BACKEND] [94m[INFO][0m "GET /metrics HTTP/1.1" 200 -
2026-02-23T06:37:57.149Z [BACKEND] [94m[INFO][0m "GET /metrics HTTP/1.1" 200 -
2026-02-23T06:38:00.843Z [BACKEND] [94m[INFO][0m "GET /metrics HTTP/1.1" 200 -
2026-02-23T06:38:03.035Z [BACKEND] [94m[INFO][0m "GET /metrics HTTP/1.1" 200 -
2026-02-23T06:38:04.829Z [BACKEND] [94m[INFO][0m "GET /metrics HTTP/1.1" 200 -
2026-02-23T06:38:06.914Z [BACKEND] [94m[INFO][0m "GET /metrics HTTP/1.1" 200 -
2026-02-23T06:38:08.813Z [BACKEND] [94m[INFO][0m "GET /metrics HTTP/1.1" 200 -
2026-02-23T06:38:10.852Z [BACKEND] [94m[INFO][0m "GET /metrics HTTP/1.1" 200 -
2026-02-23T06:38:13.001Z [BACKEND] [94m[INFO][0m "GET /metrics HTTP/1.1" 200 -
2026-02-23T06:38:15.170Z [FRONTEND] Exited with code 1
2026-02-23T06:38:15.173Z [BACKEND] Exited with code 1
